<?xml version="1.0" encoding="UTF-8"?>
<!-- Generated by org.testng.reporters.JUnitReportReporter -->
<testsuite hostname="LAPTOP-O1ONHJO3" failures="0" tests="1" name="caw.test.execution.DynamicTablePageTest" time="33.395" errors="0" timestamp="2024-02-28T12:24:21 IST" skipped="0">
  <testcase classname="caw.test.execution.DynamicTablePageTest" name="verifyUserAbleToSearchData" time="33.395"/>
  <system-out/>
</testsuite> <!-- caw.test.execution.DynamicTablePageTest -->
